2025-03-01 17:46:21,400 - DEBUG - Это сообщение уровня DEBUG
2025-03-01 17:46:21,400 - INFO - Это сообщение уровня INFO
2025-03-01 17:46:21,400 - WARNING - Это сообщение уровня WARNING
2025-03-01 17:46:21,400 - ERROR - Это сообщение уровня ERROR
2025-03-01 17:46:21,401 - CRITICAL - Это сообщение уровня CRITICAL
2025-03-01 17:53:01,323 - DEBUG - Это сообщение уровня DEBUG
2025-03-01 17:53:01,324 - INFO - Это сообщение уровня INFO
2025-03-01 17:53:01,324 - WARNING - Это сообщение уровня WARNING
2025-03-01 17:53:01,324 - ERROR - Это сообщение уровня ERROR
2025-03-01 17:53:01,324 - CRITICAL - Это сообщение уровня CRITICAL
2025-03-01 17:54:20,835 - DEBUG - Это сообщение уровня DEBUG
2025-03-01 17:54:20,835 - INFO - Это сообщение уровня INFO
2025-03-01 17:54:20,835 - WARNING - Это сообщение уровня WARNING
2025-03-01 17:54:20,835 - ERROR - Это сообщение уровня ERROR
2025-03-01 17:54:20,835 - CRITICAL - Это сообщение уровня CRITICAL
2025-03-01 17:57:15,814 - DEBUG - Это сообщение уровня DEBUG
2025-03-01 17:57:15,815 - INFO - Это сообщение уровня INFO
2025-03-01 17:57:15,815 - WARNING - Это сообщение уровня WARNING
2025-03-01 17:57:15,815 - ERROR - Это сообщение уровня ERROR
2025-03-01 17:57:15,815 - CRITICAL - Это сообщение уровня CRITICAL
2025-03-01 17:57:37,651 - DEBUG - Это сообщение уровня DEBUG
2025-03-01 17:57:37,651 - INFO - Это сообщение уровня INFO
2025-03-01 17:57:37,652 - WARNING - Это сообщение уровня WARNING
2025-03-01 17:57:37,652 - ERROR - Это сообщение уровня ERROR
2025-03-01 17:57:37,652 - CRITICAL - Это сообщение уровня CRITICAL
2025-03-01 17:57:58,417 - DEBUG - Это сообщение уровня DEBUG
2025-03-01 17:57:58,417 - INFO - Это сообщение уровня INFO
2025-03-01 17:57:58,417 - WARNING - Это сообщение уровня WARNING
2025-03-01 17:57:58,417 - ERROR - Это сообщение уровня ERROR
2025-03-01 17:57:58,417 - CRITICAL - Это сообщение уровня CRITICAL
2025-03-01 17:58:36,697 - DEBUG - Это сообщение уровня DEBUG
2025-03-01 17:58:36,697 - INFO - Это сообщение уровня INFO
2025-03-01 17:58:36,698 - WARNING - Это сообщение уровня WARNING
2025-03-01 17:58:36,698 - ERROR - Это сообщение уровня ERROR
2025-03-01 17:58:36,698 - CRITICAL - Это сообщение уровня CRITICAL
2025-03-01 17:59:04,542 - DEBUG - Это сообщение уровня DEBUG
2025-03-01 17:59:04,542 - INFO - Это сообщение уровня INFO
2025-03-01 17:59:04,542 - WARNING - Это сообщение уровня WARNING
2025-03-01 17:59:04,542 - ERROR - Это сообщение уровня ERROR
2025-03-01 17:59:04,542 - CRITICAL - Это сообщение уровня CRITICAL
